<?xml version="1.0" encoding="UTF-8"?>
<!-- Generated by org.testng.reporters.JUnitReportReporter -->
<testsuite hostname="DESKTOP-B6VS0LO" failures="0" tests="3" name="testpackagetwo.FourthClass" time="0.004" errors="0" timestamp="2022-12-20T13:22:50 CET" skipped="0">
  <testcase classname="testpackagetwo.FourthClass" name="MobileLoginHome" time="0.001"/>
  <system-out/>
  <testcase classname="testpackagetwo.FourthClass" name="WebLoginHome" time="0.002"/>
  <system-out/>
  <testcase classname="testpackagetwo.FourthClass" name="LoginAPIHome" time="0.001"/>
  <system-out/>
</testsuite> <!-- testpackagetwo.FourthClass -->
