<?xml version="1.0" encoding="UTF-8"?>
<!-- Generated by org.testng.reporters.JUnitReportReporter -->
<testsuite hostname="DESKTOP-B6VS0LO" failures="0" tests="2" name="testpackagetwo.SecondClass" time="0.001" errors="0" timestamp="2022-12-20T13:22:50 CET" skipped="0">
  <testcase classname="testpackagetwo.SecondClass" name="Demo4" time="0.001"/>
  <system-out/>
  <testcase classname="testpackagetwo.SecondClass" name="Demo3" time="0.000"/>
  <system-out/>
</testsuite> <!-- testpackagetwo.SecondClass -->
