<?xml version="1.0" encoding="UTF-8"?>
<!-- Generated by org.testng.reporters.JUnitReportReporter -->
<testsuite hostname="DESKTOP-B6VS0LO" failures="0" tests="1" name="testpackage.FourthClass" time="0.001" errors="0" timestamp="2022-12-20T13:12:05 CET" skipped="0">
  <testcase classname="testpackage.FourthClass" name="WebLoginHome" time="0.001"/>
  <system-out/>
</testsuite> <!-- testpackage.FourthClass -->
