<?xml version="1.0" encoding="UTF-8"?>
<!-- Generated by org.testng.reporters.JUnitReportReporter -->
<testsuite hostname="DESKTOP-B6VS0LO" failures="0" tests="3" name="testpackagetwo.ThirdClass" time="0.004" errors="0" timestamp="2022-12-20T13:22:50 CET" skipped="0">
  <testcase classname="testpackagetwo.ThirdClass" name="WebLogin" time="0.000"/>
  <system-out/>
  <testcase classname="testpackagetwo.ThirdClass" name="MobileLogin" time="0.001"/>
  <system-out/>
  <testcase classname="testpackagetwo.ThirdClass" name="LoginAPI" time="0.003"/>
  <system-out/>
</testsuite> <!-- testpackagetwo.ThirdClass -->
