<?xml version="1.0" encoding="UTF-8"?>
<!-- Generated by org.testng.reporters.JUnitReportReporter -->
<testsuite hostname="DESKTOP-B6VS0LO" failures="0" tests="6" name="testpackage.SecondClass" time="0.015" errors="0" timestamp="2022-12-20T13:12:05 CET" skipped="0">
  <testcase classname="testpackage.SecondClass" name="MobileLogin" time="0.001"/>
  <system-out/>
  <testcase classname="testpackage.SecondClass" name="WebLogin" time="0.003"/>
  <system-out/>
  <testcase classname="testpackage.SecondClass" name="Demo4" time="0.005"/>
  <system-out/>
  <testcase classname="testpackage.SecondClass" name="WebLogin" time="0.004"/>
  <system-out/>
  <testcase classname="testpackage.SecondClass" name="Demo4" time="0.000"/>
  <system-out/>
  <testcase classname="testpackage.SecondClass" name="MobileLogin" time="0.002"/>
  <system-out/>
</testsuite> <!-- testpackage.SecondClass -->
