<?xml version="1.0" encoding="UTF-8"?>
<!-- Generated by org.testng.reporters.JUnitReportReporter -->
<testsuite hostname="DESKTOP-B6VS0LO" failures="0" tests="2" name="testpackage.BasicsOfTestNG" time="0.008" errors="0" timestamp="2022-12-20T11:44:42 CET" skipped="0">
  <testcase classname="testpackage.BasicsOfTestNG" name="DemoTestNG2" time="0.002"/>
  <system-out/>
  <testcase classname="testpackage.BasicsOfTestNG" name="DemoTestNG" time="0.006"/>
  <system-out/>
</testsuite> <!-- testpackage.BasicsOfTestNG -->
