<?xml version="1.0" encoding="UTF-8"?>
<!-- Generated by org.testng.reporters.JUnitReportReporter -->
<testsuite hostname="DESKTOP-B6VS0LO" failures="0" tests="3" name="testpackage.ThirdClass" time="0.003" errors="0" timestamp="2022-12-20T12:03:00 CET" skipped="0">
  <testcase classname="testpackage.ThirdClass" name="WebLogin" time="0.000"/>
  <system-out/>
  <testcase classname="testpackage.ThirdClass" name="LoginAPI" time="0.001"/>
  <system-out/>
  <testcase classname="testpackage.ThirdClass" name="MobileLogin" time="0.002"/>
  <system-out/>
</testsuite> <!-- testpackage.ThirdClass -->
