<?xml version="1.0" encoding="UTF-8"?>
<!-- Generated by org.testng.reporters.JUnitReportReporter -->
<testsuite hostname="DESKTOP-B6VS0LO" failures="0" tests="2" name="testpackage.FirstClass" time="0.006" errors="0" timestamp="2022-12-20T12:48:57 CET" skipped="0">
  <testcase classname="testpackage.FirstClass" name="Demo2" time="0.004"/>
  <system-out/>
  <testcase classname="testpackage.FirstClass" name="Demo2" time="0.002"/>
  <system-out/>
</testsuite> <!-- testpackage.FirstClass -->
