<?xml version="1.0" encoding="UTF-8"?>
<!-- Generated by org.testng.reporters.JUnitReportReporter -->
<testsuite hostname="DESKTOP-B6VS0LO" failures="0" tests="2" name="testpackagetwo.FirstClass" time="0.010" errors="0" timestamp="2022-12-20T13:22:50 CET" skipped="0">
  <testcase classname="testpackagetwo.FirstClass" name="Demo2" time="0.001"/>
  <system-out/>
  <testcase classname="testpackagetwo.FirstClass" name="Demo1" time="0.009"/>
  <system-out/>
</testsuite> <!-- testpackagetwo.FirstClass -->
